<?xml version="1.0" encoding="UTF-8"?>
<testsuite xmlns:xsi="http://www.w3.org/2001/XMLSchema-instance" xsi:noNamespaceSchemaLocation="https://maven.apache.org/surefire/maven-surefire-plugin/xsd/surefire-test-report-3.0.xsd" version="3.0" name="TestSuite" time="84.27" tests="3" errors="0" skipped="0" failures="2">
  <properties>
[...]
</properties>
  <testcase name="runScenario[&quot;Verify order id on placing the order&quot;, &quot;Purchase HairProduct functionality of netilfy application&quot;](1)" classname="runner.CucumberRunner" time="35.776">
    <failure message="The step &apos;verify the order id and print in the console&apos; is undefined.&#10;You can implement this step using the snippet(s) below:&#10;&#10;@Then(&quot;verify the order id and print in the console&quot;)&#10;public void verify_the_order_id_and_print_in_the_console() {&#10;    // Write code here that turns the phrase above into concrete actions&#10;    throw new io.cucumber.java.PendingException();&#10;}&#10;" type="io.cucumber.testng.UndefinedStepException"><![CDATA[io.cucumber.testng.UndefinedStepException: 
The step 'verify the order id and print in the console' is undefined.
You can implement this step using the snippet(s) below:

@Then("verify the order id and print in the console")
public void verify_the_order_id_and_print_in_the_console() {
    // Write code here that turns the phrase above into concrete actions
    throw new io.cucumber.java.PendingException();
}

]]></failure>
    <system-err><![CDATA[SLF4J: Failed to load class "org.slf4j.impl.StaticLoggerBinder".
SLF4J: Defaulting to no-operation (NOP) logger implementation
SLF4J: See http://www.slf4j.org/codes.html#StaticLoggerBinder for further details.
Apr 11, 2024 1:27:53 PM org.openqa.selenium.devtools.CdpVersionFinder findNearestMatch
WARNING: Unable to find CDP implementation matching 123
Apr 11, 2024 1:27:53 PM org.openqa.selenium.chromium.ChromiumDriver lambda$new$5
WARNING: Unable to find version of CDP to use for 123.0.6312.122. You may need to include a dependency on a specific version of the CDP using something similar to `org.seleniumhq.selenium:selenium-devtools-v86:4.13.0` where the version ("v86") matches the version of the chromium-based browser you're using and the version number of the artifact is the same as Selenium's.
Apr 11, 2024 1:28:18 PM org.openqa.selenium.remote.http.WebSocket$Listener onError
WARNING: Connection reset
java.net.SocketException: Connection reset
	at java.base/sun.nio.ch.SocketChannelImpl.throwConnectionReset(SocketChannelImpl.java:401)
	at java.base/sun.nio.ch.SocketChannelImpl.read(SocketChannelImpl.java:434)
	at io.netty.buffer.PooledByteBuf.setBytes(PooledByteBuf.java:254)
	at io.netty.buffer.AbstractByteBuf.writeBytes(AbstractByteBuf.java:1132)
	at io.netty.channel.socket.nio.NioSocketChannel.doReadBytes(NioSocketChannel.java:357)
	at io.netty.channel.nio.AbstractNioByteChannel$NioByteUnsafe.read(AbstractNioByteChannel.java:151)
	at io.netty.channel.nio.NioEventLoop.processSelectedKey(NioEventLoop.java:788)
	at io.netty.channel.nio.NioEventLoop.processSelectedKeysOptimized(NioEventLoop.java:724)
	at io.netty.channel.nio.NioEventLoop.processSelectedKeys(NioEventLoop.java:650)
	at io.netty.channel.nio.NioEventLoop.run(NioEventLoop.java:562)
	at io.netty.util.concurrent.SingleThreadEventExecutor$4.run(SingleThreadEventExecutor.java:997)
	at io.netty.util.internal.ThreadExecutorMap$2.run(ThreadExecutorMap.java:74)
	at io.netty.util.concurrent.FastThreadLocalRunnable.run(FastThreadLocalRunnable.java:30)
	at java.base/java.lang.Thread.run(Thread.java:1589)

]]></system-err>
  </testcase>
  <testcase name="tearDownClass" classname="runner.CucumberRunner" time="75.09">
    <failure message="java.io.IOException: HTTP request failed:&#10;&gt; PUT https://cucumber-messages-app-s3bucket-61aropwgu4ox.s3.eu-west-3.amazonaws.com/reports/551c1619-5d46-44b2-b1e0-03d414d57ded?X-Amz-Algorithm=AWS4-HMAC-SHA256&amp;X-Amz-Credential=ASIAWE4HTFKN3QBGRCHO%2F20240411%2Feu-west-3%2Fs3%2Faws4_request&amp;X-Amz-Date=20240411T075819Z&amp;X-Amz-Expires=900&amp;X-Amz-Security-Token=IQoJb3JpZ2luX2VjEAgaCWV1LXdlc3QtMyJHMEUCIQCRGOoRZHONNWSsdQTvm5pq74PcOyEtdhxppKdxiY%2FHXwIgVMXTrUFyX5KLYN5RkAQGh6JwPjtFnSp4tp1f3SIiY%2FUqvQMIQRADGgw0MjI4MDE3NzkzNTUiDNjN7UfU%2BTBzhoZ7diqaA5sfGE0NNPCrUtc9WW2q5RQElgVuRnT1SZJ2orSBXBTBCmbTzkH7HUWVfVtwIcao1ZQaYNpt4TBmH0DVGlZ%2BTDHpNCfmNc9vEwrFmQR5ELM%2BcKBJmRAi%2BMD9o1rUmxditge4YtUEHSDCFS1AuaYf76mcfsoqaO9Os8%2BBRRpFYBaLH8S6JL%2Fgh9RR71nHb7cbXMBwanmAM8rcRDp6sYXUMGSA8b%2FU2O%2FJHTDKScVVE60GRkt8q7wlT16ZnFDqWPJ3VZTQQGtuAwWLQrk9jpo%2F3l43rckTKE1Qlog3XDoEuEYasFxq75RMP2UFeD7YlbJeYHR6Jaua%2FdsUmpS691rWTLGnYbRA4wCnhSsHWUNGFHXP%2BonHrxJ1ZlW%2BlI6xgfe%2Fs2%2FyTo2Pozy8JPxKJ9SpngMDCLd86068hGPvoorpoitaHgdl%2Fj5wUT%2FS5kXVnk9UBWN%2BUjxa7xn7i8I6KiV9sSWkDOxp17xPQOAq7s3ylpdD8B57jY34rPKMerpvCYQdJGsw2izOi67YmyGYFNVmbcsZflX6LNukWxo5MJmn3rAGOp4BYb5QYM%2FF95%2FCVZJOwBJxsIJ%2FKvhHuLV3y0gAQk%2FwBpIzZ7oGRh4YBw0kpLB6MDsz1e34F3VfCTC317KBC5M2kXaAwEMqCx7Xqe9fit3t1%2BNGezqsFoy2J80qekTsvIm0Phea1ckYgY21t6LN3FkmvfVw3XWjka1uo134wEuzlD%2FkMh9cZSt9wB0R6V%2FLY39%2FuKfsL%2BgKA4PKLU%2FlZ%2Bk%3D&amp;X-Amz-Signature=9f0a00e0e4ee3f512c7839a32c78e78b85db2b0a0ffd7eec1f6f0db5f9e17672&amp;X-Amz-SignedHeaders=host&#10;&#10;" type="java.lang.RuntimeException"><![CDATA[java.lang.RuntimeException: 
java.io.IOException: HTTP request failed:
> PUT https://cucumber-messages-app-s3bucket-61aropwgu4ox.s3.eu-west-3.amazonaws.com/reports/551c1619-5d46-44b2-b1e0-03d414d57ded?X-Amz-Algorithm=AWS4-HMAC-SHA256&X-Amz-Credential=ASIAWE4HTFKN3QBGRCHO%2F20240411%2Feu-west-3%2Fs3%2Faws4_request&X-Amz-Date=20240411T075819Z&X-Amz-Expires=900&X-Amz-Security-Token=IQoJb3JpZ2luX2VjEAgaCWV1LXdlc3QtMyJHMEUCIQCRGOoRZHONNWSsdQTvm5pq74PcOyEtdhxppKdxiY%2FHXwIgVMXTrUFyX5KLYN5RkAQGh6JwPjtFnSp4tp1f3SIiY%2FUqvQMIQRADGgw0MjI4MDE3NzkzNTUiDNjN7UfU%2BTBzhoZ7diqaA5sfGE0NNPCrUtc9WW2q5RQElgVuRnT1SZJ2orSBXBTBCmbTzkH7HUWVfVtwIcao1ZQaYNpt4TBmH0DVGlZ%2BTDHpNCfmNc9vEwrFmQR5ELM%2BcKBJmRAi%2BMD9o1rUmxditge4YtUEHSDCFS1AuaYf76mcfsoqaO9Os8%2BBRRpFYBaLH8S6JL%2Fgh9RR71nHb7cbXMBwanmAM8rcRDp6sYXUMGSA8b%2FU2O%2FJHTDKScVVE60GRkt8q7wlT16ZnFDqWPJ3VZTQQGtuAwWLQrk9jpo%2F3l43rckTKE1Qlog3XDoEuEYasFxq75RMP2UFeD7YlbJeYHR6Jaua%2FdsUmpS691rWTLGnYbRA4wCnhSsHWUNGFHXP%2BonHrxJ1ZlW%2BlI6xgfe%2Fs2%2FyTo2Pozy8JPxKJ9SpngMDCLd86068hGPvoorpoitaHgdl%2Fj5wUT%2FS5kXVnk9UBWN%2BUjxa7xn7i8I6KiV9sSWkDOxp17xPQOAq7s3ylpdD8B57jY34rPKMerpvCYQdJGsw2izOi67YmyGYFNVmbcsZflX6LNukWxo5MJmn3rAGOp4BYb5QYM%2FF95%2FCVZJOwBJxsIJ%2FKvhHuLV3y0gAQk%2FwBpIzZ7oGRh4YBw0kpLB6MDsz1e34F3VfCTC317KBC5M2kXaAwEMqCx7Xqe9fit3t1%2BNGezqsFoy2J80qekTsvIm0Phea1ckYgY21t6LN3FkmvfVw3XWjka1uo134wEuzlD%2FkMh9cZSt9wB0R6V%2FLY39%2FuKfsL%2BgKA4PKLU%2FlZ%2Bk%3D&X-Amz-Signature=9f0a00e0e4ee3f512c7839a32c78e78b85db2b0a0ffd7eec1f6f0db5f9e17672&X-Amz-SignedHeaders=host


Caused by: java.io.IOException: 
HTTP request failed:
> PUT https://cucumber-messages-app-s3bucket-61aropwgu4ox.s3.eu-west-3.amazonaws.com/reports/551c1619-5d46-44b2-b1e0-03d414d57ded?X-Amz-Algorithm=AWS4-HMAC-SHA256&X-Amz-Credential=ASIAWE4HTFKN3QBGRCHO%2F20240411%2Feu-west-3%2Fs3%2Faws4_request&X-Amz-Date=20240411T075819Z&X-Amz-Expires=900&X-Amz-Security-Token=IQoJb3JpZ2luX2VjEAgaCWV1LXdlc3QtMyJHMEUCIQCRGOoRZHONNWSsdQTvm5pq74PcOyEtdhxppKdxiY%2FHXwIgVMXTrUFyX5KLYN5RkAQGh6JwPjtFnSp4tp1f3SIiY%2FUqvQMIQRADGgw0MjI4MDE3NzkzNTUiDNjN7UfU%2BTBzhoZ7diqaA5sfGE0NNPCrUtc9WW2q5RQElgVuRnT1SZJ2orSBXBTBCmbTzkH7HUWVfVtwIcao1ZQaYNpt4TBmH0DVGlZ%2BTDHpNCfmNc9vEwrFmQR5ELM%2BcKBJmRAi%2BMD9o1rUmxditge4YtUEHSDCFS1AuaYf76mcfsoqaO9Os8%2BBRRpFYBaLH8S6JL%2Fgh9RR71nHb7cbXMBwanmAM8rcRDp6sYXUMGSA8b%2FU2O%2FJHTDKScVVE60GRkt8q7wlT16ZnFDqWPJ3VZTQQGtuAwWLQrk9jpo%2F3l43rckTKE1Qlog3XDoEuEYasFxq75RMP2UFeD7YlbJeYHR6Jaua%2FdsUmpS691rWTLGnYbRA4wCnhSsHWUNGFHXP%2BonHrxJ1ZlW%2BlI6xgfe%2Fs2%2FyTo2Pozy8JPxKJ9SpngMDCLd86068hGPvoorpoitaHgdl%2Fj5wUT%2FS5kXVnk9UBWN%2BUjxa7xn7i8I6KiV9sSWkDOxp17xPQOAq7s3ylpdD8B57jY34rPKMerpvCYQdJGsw2izOi67YmyGYFNVmbcsZflX6LNukWxo5MJmn3rAGOp4BYb5QYM%2FF95%2FCVZJOwBJxsIJ%2FKvhHuLV3y0gAQk%2FwBpIzZ7oGRh4YBw0kpLB6MDsz1e34F3VfCTC317KBC5M2kXaAwEMqCx7Xqe9fit3t1%2BNGezqsFoy2J80qekTsvIm0Phea1ckYgY21t6LN3FkmvfVw3XWjka1uo134wEuzlD%2FkMh9cZSt9wB0R6V%2FLY39%2FuKfsL%2BgKA4PKLU%2FlZ%2Bk%3D&X-Amz-Signature=9f0a00e0e4ee3f512c7839a32c78e78b85db2b0a0ffd7eec1f6f0db5f9e17672&X-Amz-SignedHeaders=host


Caused by: javax.net.ssl.SSLHandshakeException: Remote host terminated the handshake
Caused by: java.io.EOFException: SSL peer shut down incorrectly
]]></failure>
  </testcase>
  <testcase name="runScenario[&quot;Get the conversion rate for the given Currency&quot;, &quot;Get Conversion Rate&quot;](1)" classname="runner.getConvertionRunner" time="6.406">
    <system-out><![CDATA[83.3281
200
]]></system-out>
  </testcase>
</testsuite>