<?xml version="1.0" encoding="UTF-8"?>
<testng-results ignored="0" total="1" passed="1" failed="0" skipped="0">
  <reporter-output>
  </reporter-output>
  <suite started-at="2024-04-03T18:00:11 IST" name="Default suite" finished-at="2024-04-03T18:00:21 IST" duration-ms="9468">
    <groups>
      <group name="cucumber">
        <method signature="AbstractTestNGCucumberTests.runScenario(io.cucumber.testng.PickleWrapper,io.cucumber.testng.FeatureWrapper)[pri:0, instance:runner.getConvertionRunner@38234a38]" name="runScenario" class="io.cucumber.testng.AbstractTestNGCucumberTests"/>
      </group> <!-- cucumber -->
    </groups>
    <test started-at="2024-04-03T18:00:11 IST" name="Default test" finished-at="2024-04-03T18:00:21 IST" duration-ms="9468">
      <class name="runner.getConvertionRunner">
        <test-method is-config="true" signature="setUpClass(org.testng.ITestContext)[pri:0, instance:runner.getConvertionRunner@38234a38]" started-at="2024-04-03T18:00:11 IST" name="setUpClass" finished-at="2024-04-03T18:00:12 IST" duration-ms="654" status="PASS">
          <params>
            <param index="0">
              <value>
                <![CDATA[org.testng.TestRunner@50dc49e1]]>
              </value>
            </param>
          </params>
          <reporter-output>
          </reporter-output>
        </test-method> <!-- setUpClass -->
        <test-method signature="runScenario(io.cucumber.testng.PickleWrapper,io.cucumber.testng.FeatureWrapper)[pri:0, instance:runner.getConvertionRunner@38234a38]" started-at="2024-04-03T18:00:12 IST" name="runScenario" description="Runs Cucumber Scenarios" data-provider="scenarios" finished-at="2024-04-03T18:00:21 IST" duration-ms="8647" status="PASS">
          <params>
            <param index="0">
              <value>
                <![CDATA["Get the conversion rate for the given Currency"]]>
              </value>
            </param>
            <param index="1">
              <value>
                <![CDATA["Get Conversion Rate"]]>
              </value>
            </param>
          </params>
          <reporter-output>
          </reporter-output>
        </test-method> <!-- runScenario -->
        <test-method is-config="true" signature="tearDownClass()[pri:0, instance:runner.getConvertionRunner@38234a38]" started-at="2024-04-03T18:00:21 IST" name="tearDownClass" finished-at="2024-04-03T18:00:21 IST" duration-ms="40" status="PASS">
          <reporter-output>
          </reporter-output>
        </test-method> <!-- tearDownClass -->
      </class> <!-- runner.getConvertionRunner -->
    </test> <!-- Default test -->
  </suite> <!-- Default suite -->
</testng-results>
